<?xml version="1.0" encoding="UTF-8"?>
<testsuite xmlns:xsi="http://www.w3.org/2001/XMLSchema-instance" xsi:noNamespaceSchemaLocation="https://maven.apache.org/surefire/maven-surefire-plugin/xsd/surefire-test-report.xsd" name="com.keeggo.clientsjavaapi.test.controller.user.UserControllerTest" time="2.389" tests="1" errors="0" skipped="0" failures="0">
  <properties>
    <property name="java.specification.version" value="15"/>
    <property name="sun.jnu.encoding" value="UTF-8"/>
    <property name="java.class.path" value="/home/Alex.Lima/cadastroDeClientes/clients-java-api/target/test-classes:/home/Alex.Lima/cadastroDeClientes/clients-java-api/target/classes:/home/Alex.Lima/.m2/repository/org/springframework/boot/spring-boot-starter/2.3.7.RELEASE/spring-boot-starter-2.3.7.RELEASE.jar:/home/Alex.Lima/.m2/repository/org/springframework/boot/spring-boot/2.3.7.RELEASE/spring-boot-2.3.7.RELEASE.jar:/home/Alex.Lima/.m2/repository/org/springframework/spring-context/5.2.12.RELEASE/spring-context-5.2.12.RELEASE.jar:/home/Alex.Lima/.m2/repository/org/springframework/boot/spring-boot-autoconfigure/2.3.7.RELEASE/spring-boot-autoconfigure-2.3.7.RELEASE.jar:/home/Alex.Lima/.m2/repository/org/springframework/boot/spring-boot-starter-logging/2.3.7.RELEASE/spring-boot-starter-logging-2.3.7.RELEASE.jar:/home/Alex.Lima/.m2/repository/ch/qos/logback/logback-classic/1.2.3/logback-classic-1.2.3.jar:/home/Alex.Lima/.m2/repository/ch/qos/logback/logback-core/1.2.3/logback-core-1.2.3.jar:/home/Alex.Lima/.m2/repository/org/apache/logging/log4j/log4j-to-slf4j/2.13.3/log4j-to-slf4j-2.13.3.jar:/home/Alex.Lima/.m2/repository/org/apache/logging/log4j/log4j-api/2.13.3/log4j-api-2.13.3.jar:/home/Alex.Lima/.m2/repository/org/slf4j/jul-to-slf4j/1.7.30/jul-to-slf4j-1.7.30.jar:/home/Alex.Lima/.m2/repository/jakarta/annotation/jakarta.annotation-api/1.3.5/jakarta.annotation-api-1.3.5.jar:/home/Alex.Lima/.m2/repository/org/springframework/spring-core/5.2.12.RELEASE/spring-core-5.2.12.RELEASE.jar:/home/Alex.Lima/.m2/repository/org/springframework/spring-jcl/5.2.12.RELEASE/spring-jcl-5.2.12.RELEASE.jar:/home/Alex.Lima/.m2/repository/org/yaml/snakeyaml/1.26/snakeyaml-1.26.jar:/home/Alex.Lima/.m2/repository/org/springframework/boot/spring-boot-starter-test/2.3.7.RELEASE/spring-boot-starter-test-2.3.7.RELEASE.jar:/home/Alex.Lima/.m2/repository/org/springframework/boot/spring-boot-test/2.3.7.RELEASE/spring-boot-test-2.3.7.RELEASE.jar:/home/Alex.Lima/.m2/repository/org/springframework/boot/spring-boot-test-autoconfigure/2.3.7.RELEASE/spring-boot-test-autoconfigure-2.3.7.RELEASE.jar:/home/Alex.Lima/.m2/repository/com/jayway/jsonpath/json-path/2.4.0/json-path-2.4.0.jar:/home/Alex.Lima/.m2/repository/net/minidev/json-smart/2.3/json-smart-2.3.jar:/home/Alex.Lima/.m2/repository/net/minidev/accessors-smart/1.2/accessors-smart-1.2.jar:/home/Alex.Lima/.m2/repository/org/ow2/asm/asm/5.0.4/asm-5.0.4.jar:/home/Alex.Lima/.m2/repository/jakarta/xml/bind/jakarta.xml.bind-api/2.3.3/jakarta.xml.bind-api-2.3.3.jar:/home/Alex.Lima/.m2/repository/jakarta/activation/jakarta.activation-api/1.2.2/jakarta.activation-api-1.2.2.jar:/home/Alex.Lima/.m2/repository/org/assertj/assertj-core/3.16.1/assertj-core-3.16.1.jar:/home/Alex.Lima/.m2/repository/org/hamcrest/hamcrest/2.2/hamcrest-2.2.jar:/home/Alex.Lima/.m2/repository/org/junit/jupiter/junit-jupiter/5.6.3/junit-jupiter-5.6.3.jar:/home/Alex.Lima/.m2/repository/org/junit/jupiter/junit-jupiter-api/5.6.3/junit-jupiter-api-5.6.3.jar:/home/Alex.Lima/.m2/repository/org/opentest4j/opentest4j/1.2.0/opentest4j-1.2.0.jar:/home/Alex.Lima/.m2/repository/org/junit/platform/junit-platform-commons/1.6.3/junit-platform-commons-1.6.3.jar:/home/Alex.Lima/.m2/repository/org/junit/jupiter/junit-jupiter-params/5.6.3/junit-jupiter-params-5.6.3.jar:/home/Alex.Lima/.m2/repository/org/junit/jupiter/junit-jupiter-engine/5.6.3/junit-jupiter-engine-5.6.3.jar:/home/Alex.Lima/.m2/repository/org/junit/vintage/junit-vintage-engine/5.6.3/junit-vintage-engine-5.6.3.jar:/home/Alex.Lima/.m2/repository/org/apiguardian/apiguardian-api/1.1.0/apiguardian-api-1.1.0.jar:/home/Alex.Lima/.m2/repository/org/junit/platform/junit-platform-engine/1.6.3/junit-platform-engine-1.6.3.jar:/home/Alex.Lima/.m2/repository/junit/junit/4.13.1/junit-4.13.1.jar:/home/Alex.Lima/.m2/repository/org/mockito/mockito-core/3.3.3/mockito-core-3.3.3.jar:/home/Alex.Lima/.m2/repository/net/bytebuddy/byte-buddy/1.10.18/byte-buddy-1.10.18.jar:/home/Alex.Lima/.m2/repository/net/bytebuddy/byte-buddy-agent/1.10.18/byte-buddy-agent-1.10.18.jar:/home/Alex.Lima/.m2/repository/org/objenesis/objenesis/2.6/objenesis-2.6.jar:/home/Alex.Lima/.m2/repository/org/mockito/mockito-junit-jupiter/3.3.3/mockito-junit-jupiter-3.3.3.jar:/home/Alex.Lima/.m2/repository/org/skyscreamer/jsonassert/1.5.0/jsonassert-1.5.0.jar:/home/Alex.Lima/.m2/repository/com/vaadin/external/google/android-json/0.0.20131108.vaadin1/android-json-0.0.20131108.vaadin1.jar:/home/Alex.Lima/.m2/repository/org/springframework/spring-test/5.2.12.RELEASE/spring-test-5.2.12.RELEASE.jar:/home/Alex.Lima/.m2/repository/org/xmlunit/xmlunit-core/2.7.0/xmlunit-core-2.7.0.jar:/home/Alex.Lima/.m2/repository/org/springframework/boot/spring-boot-starter-data-jpa/2.3.7.RELEASE/spring-boot-starter-data-jpa-2.3.7.RELEASE.jar:/home/Alex.Lima/.m2/repository/org/springframework/boot/spring-boot-starter-aop/2.3.7.RELEASE/spring-boot-starter-aop-2.3.7.RELEASE.jar:/home/Alex.Lima/.m2/repository/org/aspectj/aspectjweaver/1.9.6/aspectjweaver-1.9.6.jar:/home/Alex.Lima/.m2/repository/org/springframework/boot/spring-boot-starter-jdbc/2.3.7.RELEASE/spring-boot-starter-jdbc-2.3.7.RELEASE.jar:/home/Alex.Lima/.m2/repository/com/zaxxer/HikariCP/3.4.5/HikariCP-3.4.5.jar:/home/Alex.Lima/.m2/repository/org/springframework/spring-jdbc/5.2.12.RELEASE/spring-jdbc-5.2.12.RELEASE.jar:/home/Alex.Lima/.m2/repository/jakarta/transaction/jakarta.transaction-api/1.3.3/jakarta.transaction-api-1.3.3.jar:/home/Alex.Lima/.m2/repository/jakarta/persistence/jakarta.persistence-api/2.2.3/jakarta.persistence-api-2.2.3.jar:/home/Alex.Lima/.m2/repository/org/hibernate/hibernate-core/5.4.25.Final/hibernate-core-5.4.25.Final.jar:/home/Alex.Lima/.m2/repository/org/jboss/logging/jboss-logging/3.4.1.Final/jboss-logging-3.4.1.Final.jar:/home/Alex.Lima/.m2/repository/org/javassist/javassist/3.27.0-GA/javassist-3.27.0-GA.jar:/home/Alex.Lima/.m2/repository/antlr/antlr/2.7.7/antlr-2.7.7.jar:/home/Alex.Lima/.m2/repository/org/jboss/jandex/2.1.3.Final/jandex-2.1.3.Final.jar:/home/Alex.Lima/.m2/repository/org/dom4j/dom4j/2.1.3/dom4j-2.1.3.jar:/home/Alex.Lima/.m2/repository/org/hibernate/common/hibernate-commons-annotations/5.1.2.Final/hibernate-commons-annotations-5.1.2.Final.jar:/home/Alex.Lima/.m2/repository/org/springframework/data/spring-data-jpa/2.3.6.RELEASE/spring-data-jpa-2.3.6.RELEASE.jar:/home/Alex.Lima/.m2/repository/org/springframework/data/spring-data-commons/2.3.6.RELEASE/spring-data-commons-2.3.6.RELEASE.jar:/home/Alex.Lima/.m2/repository/org/springframework/spring-orm/5.2.12.RELEASE/spring-orm-5.2.12.RELEASE.jar:/home/Alex.Lima/.m2/repository/org/springframework/spring-tx/5.2.12.RELEASE/spring-tx-5.2.12.RELEASE.jar:/home/Alex.Lima/.m2/repository/org/springframework/spring-beans/5.2.12.RELEASE/spring-beans-5.2.12.RELEASE.jar:/home/Alex.Lima/.m2/repository/org/springframework/spring-aspects/5.2.12.RELEASE/spring-aspects-5.2.12.RELEASE.jar:/home/Alex.Lima/.m2/repository/org/springframework/boot/spring-boot-starter-web/2.3.7.RELEASE/spring-boot-starter-web-2.3.7.RELEASE.jar:/home/Alex.Lima/.m2/repository/org/springframework/boot/spring-boot-starter-json/2.3.7.RELEASE/spring-boot-starter-json-2.3.7.RELEASE.jar:/home/Alex.Lima/.m2/repository/com/fasterxml/jackson/datatype/jackson-datatype-jdk8/2.11.3/jackson-datatype-jdk8-2.11.3.jar:/home/Alex.Lima/.m2/repository/com/fasterxml/jackson/datatype/jackson-datatype-jsr310/2.11.3/jackson-datatype-jsr310-2.11.3.jar:/home/Alex.Lima/.m2/repository/com/fasterxml/jackson/module/jackson-module-parameter-names/2.11.3/jackson-module-parameter-names-2.11.3.jar:/home/Alex.Lima/.m2/repository/org/springframework/boot/spring-boot-starter-tomcat/2.3.7.RELEASE/spring-boot-starter-tomcat-2.3.7.RELEASE.jar:/home/Alex.Lima/.m2/repository/org/apache/tomcat/embed/tomcat-embed-core/9.0.41/tomcat-embed-core-9.0.41.jar:/home/Alex.Lima/.m2/repository/org/apache/tomcat/embed/tomcat-embed-websocket/9.0.41/tomcat-embed-websocket-9.0.41.jar:/home/Alex.Lima/.m2/repository/org/springframework/spring-web/5.2.12.RELEASE/spring-web-5.2.12.RELEASE.jar:/home/Alex.Lima/.m2/repository/org/springframework/spring-webmvc/5.2.12.RELEASE/spring-webmvc-5.2.12.RELEASE.jar:/home/Alex.Lima/.m2/repository/org/springframework/spring-expression/5.2.12.RELEASE/spring-expression-5.2.12.RELEASE.jar:/home/Alex.Lima/.m2/repository/org/springframework/boot/spring-boot-starter-hateoas/2.3.7.RELEASE/spring-boot-starter-hateoas-2.3.7.RELEASE.jar:/home/Alex.Lima/.m2/repository/org/springframework/hateoas/spring-hateoas/1.1.3.RELEASE/spring-hateoas-1.1.3.RELEASE.jar:/home/Alex.Lima/.m2/repository/org/springframework/boot/spring-boot-starter-validation/2.3.7.RELEASE/spring-boot-starter-validation-2.3.7.RELEASE.jar:/home/Alex.Lima/.m2/repository/org/glassfish/jakarta.el/3.0.3/jakarta.el-3.0.3.jar:/home/Alex.Lima/.m2/repository/org/hibernate/validator/hibernate-validator/6.1.6.Final/hibernate-validator-6.1.6.Final.jar:/home/Alex.Lima/.m2/repository/jakarta/validation/jakarta.validation-api/2.0.2/jakarta.validation-api-2.0.2.jar:/home/Alex.Lima/.m2/repository/org/springframework/boot/spring-boot-starter-cache/2.3.7.RELEASE/spring-boot-starter-cache-2.3.7.RELEASE.jar:/home/Alex.Lima/.m2/repository/org/springframework/spring-context-support/5.2.12.RELEASE/spring-context-support-5.2.12.RELEASE.jar:/home/Alex.Lima/.m2/repository/org/springframework/boot/spring-boot-starter-actuator/2.3.7.RELEASE/spring-boot-starter-actuator-2.3.7.RELEASE.jar:/home/Alex.Lima/.m2/repository/org/springframework/boot/spring-boot-actuator-autoconfigure/2.3.7.RELEASE/spring-boot-actuator-autoconfigure-2.3.7.RELEASE.jar:/home/Alex.Lima/.m2/repository/org/springframework/boot/spring-boot-actuator/2.3.7.RELEASE/spring-boot-actuator-2.3.7.RELEASE.jar:/home/Alex.Lima/.m2/repository/io/micrometer/micrometer-core/1.5.9/micrometer-core-1.5.9.jar:/home/Alex.Lima/.m2/repository/org/hdrhistogram/HdrHistogram/2.1.12/HdrHistogram-2.1.12.jar:/home/Alex.Lima/.m2/repository/org/latencyutils/LatencyUtils/2.0.3/LatencyUtils-2.0.3.jar:/home/Alex.Lima/.m2/repository/org/springframework/boot/spring-boot-starter-security/2.3.7.RELEASE/spring-boot-starter-security-2.3.7.RELEASE.jar:/home/Alex.Lima/.m2/repository/org/springframework/spring-aop/5.2.12.RELEASE/spring-aop-5.2.12.RELEASE.jar:/home/Alex.Lima/.m2/repository/org/springframework/security/spring-security-config/5.3.6.RELEASE/spring-security-config-5.3.6.RELEASE.jar:/home/Alex.Lima/.m2/repository/org/springframework/security/spring-security-web/5.3.6.RELEASE/spring-security-web-5.3.6.RELEASE.jar:/home/Alex.Lima/.m2/repository/io/springfox/springfox-boot-starter/3.0.0/springfox-boot-starter-3.0.0.jar:/home/Alex.Lima/.m2/repository/io/springfox/springfox-oas/3.0.0/springfox-oas-3.0.0.jar:/home/Alex.Lima/.m2/repository/io/swagger/core/v3/swagger-annotations/2.1.2/swagger-annotations-2.1.2.jar:/home/Alex.Lima/.m2/repository/io/swagger/core/v3/swagger-models/2.1.2/swagger-models-2.1.2.jar:/home/Alex.Lima/.m2/repository/io/springfox/springfox-spi/3.0.0/springfox-spi-3.0.0.jar:/home/Alex.Lima/.m2/repository/io/springfox/springfox-schema/3.0.0/springfox-schema-3.0.0.jar:/home/Alex.Lima/.m2/repository/io/springfox/springfox-core/3.0.0/springfox-core-3.0.0.jar:/home/Alex.Lima/.m2/repository/io/springfox/springfox-spring-web/3.0.0/springfox-spring-web-3.0.0.jar:/home/Alex.Lima/.m2/repository/io/github/classgraph/classgraph/4.8.83/classgraph-4.8.83.jar:/home/Alex.Lima/.m2/repository/io/springfox/springfox-spring-webmvc/3.0.0/springfox-spring-webmvc-3.0.0.jar:/home/Alex.Lima/.m2/repository/io/springfox/springfox-spring-webflux/3.0.0/springfox-spring-webflux-3.0.0.jar:/home/Alex.Lima/.m2/repository/io/springfox/springfox-swagger-common/3.0.0/springfox-swagger-common-3.0.0.jar:/home/Alex.Lima/.m2/repository/org/mapstruct/mapstruct/1.3.1.Final/mapstruct-1.3.1.Final.jar:/home/Alex.Lima/.m2/repository/io/springfox/springfox-data-rest/3.0.0/springfox-data-rest-3.0.0.jar:/home/Alex.Lima/.m2/repository/io/springfox/springfox-bean-validators/3.0.0/springfox-bean-validators-3.0.0.jar:/home/Alex.Lima/.m2/repository/io/springfox/springfox-swagger2/3.0.0/springfox-swagger2-3.0.0.jar:/home/Alex.Lima/.m2/repository/io/swagger/swagger-annotations/1.5.20/swagger-annotations-1.5.20.jar:/home/Alex.Lima/.m2/repository/io/swagger/swagger-models/1.5.20/swagger-models-1.5.20.jar:/home/Alex.Lima/.m2/repository/io/springfox/springfox-swagger-ui/3.0.0/springfox-swagger-ui-3.0.0.jar:/home/Alex.Lima/.m2/repository/com/fasterxml/classmate/1.5.1/classmate-1.5.1.jar:/home/Alex.Lima/.m2/repository/org/slf4j/slf4j-api/1.7.30/slf4j-api-1.7.30.jar:/home/Alex.Lima/.m2/repository/org/springframework/plugin/spring-plugin-core/2.0.0.RELEASE/spring-plugin-core-2.0.0.RELEASE.jar:/home/Alex.Lima/.m2/repository/org/springframework/plugin/spring-plugin-metadata/2.0.0.RELEASE/spring-plugin-metadata-2.0.0.RELEASE.jar:/home/Alex.Lima/.m2/repository/de/codecentric/spring-boot-admin-starter-client/2.3.1/spring-boot-admin-starter-client-2.3.1.jar:/home/Alex.Lima/.m2/repository/de/codecentric/spring-boot-admin-client/2.3.1/spring-boot-admin-client-2.3.1.jar:/home/Alex.Lima/.m2/repository/org/projectlombok/lombok/1.18.16/lombok-1.18.16.jar:/home/Alex.Lima/.m2/repository/com/h2database/h2/1.4.200/h2-1.4.200.jar:/home/Alex.Lima/.m2/repository/org/postgresql/postgresql/42.2.18/postgresql-42.2.18.jar:/home/Alex.Lima/.m2/repository/org/checkerframework/checker-qual/3.5.0/checker-qual-3.5.0.jar:/home/Alex.Lima/.m2/repository/mysql/mysql-connector-java/8.0.22/mysql-connector-java-8.0.22.jar:/home/Alex.Lima/.m2/repository/org/modelmapper/modelmapper/2.3.9/modelmapper-2.3.9.jar:/home/Alex.Lima/.m2/repository/javax/cache/cache-api/1.1.1/cache-api-1.1.1.jar:/home/Alex.Lima/.m2/repository/org/ehcache/ehcache/3.8.1/ehcache-3.8.1.jar:/home/Alex.Lima/.m2/repository/org/glassfish/jaxb/jaxb-runtime/2.3.3/jaxb-runtime-2.3.3.jar:/home/Alex.Lima/.m2/repository/org/glassfish/jaxb/txw2/2.3.3/txw2-2.3.3.jar:/home/Alex.Lima/.m2/repository/com/sun/istack/istack-commons-runtime/3.0.11/istack-commons-runtime-3.0.11.jar:/home/Alex.Lima/.m2/repository/com/sun/activation/jakarta.activation/1.2.2/jakarta.activation-1.2.2.jar:/home/Alex.Lima/.m2/repository/com/github/vladimir-bukhtoyarov/bucket4j-core/4.10.0/bucket4j-core-4.10.0.jar:/home/Alex.Lima/.m2/repository/com/github/thibaultmeyer/partialize/release~20.05/partialize-release~20.05.jar:/home/Alex.Lima/.m2/repository/com/fasterxml/jackson/core/jackson-databind/2.11.3/jackson-databind-2.11.3.jar:/home/Alex.Lima/.m2/repository/com/fasterxml/jackson/core/jackson-annotations/2.11.3/jackson-annotations-2.11.3.jar:/home/Alex.Lima/.m2/repository/com/fasterxml/jackson/core/jackson-core/2.11.3/jackson-core-2.11.3.jar:/home/Alex.Lima/.m2/repository/org/apache/commons/commons-text/1.6/commons-text-1.6.jar:/home/Alex.Lima/.m2/repository/org/apache/commons/commons-lang3/3.10/commons-lang3-3.10.jar:/home/Alex.Lima/.m2/repository/io/jsonwebtoken/jjwt/0.9.1/jjwt-0.9.1.jar:/home/Alex.Lima/.m2/repository/org/springframework/security/spring-security-test/5.3.6.RELEASE/spring-security-test-5.3.6.RELEASE.jar:/home/Alex.Lima/.m2/repository/org/springframework/security/spring-security-core/5.3.6.RELEASE/spring-security-core-5.3.6.RELEASE.jar:"/>
    <property name="java.vm.vendor" value="Oracle Corporation"/>
    <property name="sun.arch.data.model" value="64"/>
    <property name="java.vendor.url" value="https://java.oracle.com/"/>
    <property name="os.name" value="Linux"/>
    <property name="java.vm.specification.version" value="15"/>
    <property name="sun.java.launcher" value="SUN_STANDARD"/>
    <property name="user.country" value="BR"/>
    <property name="sun.boot.library.path" value="/opt/sts-4.9.0.RELEASE/plugins/org.eclipse.justj.openjdk.hotspot.jre.full.linux.x86_64_15.0.1.v20201027-0507/jre/lib"/>
    <property name="sun.java.command" value="/home/Alex.Lima/cadastroDeClientes/clients-java-api/target/surefire/surefirebooter9053552784375070142.jar /home/Alex.Lima/cadastroDeClientes/clients-java-api/target/surefire 2021-03-22T00-42-58_015-jvmRun1 surefire2261231531595270270tmp surefire_06823032866489047031tmp"/>
    <property name="jdk.debug" value="release"/>
    <property name="surefire.test.class.path" value="/home/Alex.Lima/cadastroDeClientes/clients-java-api/target/test-classes:/home/Alex.Lima/cadastroDeClientes/clients-java-api/target/classes:/home/Alex.Lima/.m2/repository/org/springframework/boot/spring-boot-starter/2.3.7.RELEASE/spring-boot-starter-2.3.7.RELEASE.jar:/home/Alex.Lima/.m2/repository/org/springframework/boot/spring-boot/2.3.7.RELEASE/spring-boot-2.3.7.RELEASE.jar:/home/Alex.Lima/.m2/repository/org/springframework/spring-context/5.2.12.RELEASE/spring-context-5.2.12.RELEASE.jar:/home/Alex.Lima/.m2/repository/org/springframework/boot/spring-boot-autoconfigure/2.3.7.RELEASE/spring-boot-autoconfigure-2.3.7.RELEASE.jar:/home/Alex.Lima/.m2/repository/org/springframework/boot/spring-boot-starter-logging/2.3.7.RELEASE/spring-boot-starter-logging-2.3.7.RELEASE.jar:/home/Alex.Lima/.m2/repository/ch/qos/logback/logback-classic/1.2.3/logback-classic-1.2.3.jar:/home/Alex.Lima/.m2/repository/ch/qos/logback/logback-core/1.2.3/logback-core-1.2.3.jar:/home/Alex.Lima/.m2/repository/org/apache/logging/log4j/log4j-to-slf4j/2.13.3/log4j-to-slf4j-2.13.3.jar:/home/Alex.Lima/.m2/repository/org/apache/logging/log4j/log4j-api/2.13.3/log4j-api-2.13.3.jar:/home/Alex.Lima/.m2/repository/org/slf4j/jul-to-slf4j/1.7.30/jul-to-slf4j-1.7.30.jar:/home/Alex.Lima/.m2/repository/jakarta/annotation/jakarta.annotation-api/1.3.5/jakarta.annotation-api-1.3.5.jar:/home/Alex.Lima/.m2/repository/org/springframework/spring-core/5.2.12.RELEASE/spring-core-5.2.12.RELEASE.jar:/home/Alex.Lima/.m2/repository/org/springframework/spring-jcl/5.2.12.RELEASE/spring-jcl-5.2.12.RELEASE.jar:/home/Alex.Lima/.m2/repository/org/yaml/snakeyaml/1.26/snakeyaml-1.26.jar:/home/Alex.Lima/.m2/repository/org/springframework/boot/spring-boot-starter-test/2.3.7.RELEASE/spring-boot-starter-test-2.3.7.RELEASE.jar:/home/Alex.Lima/.m2/repository/org/springframework/boot/spring-boot-test/2.3.7.RELEASE/spring-boot-test-2.3.7.RELEASE.jar:/home/Alex.Lima/.m2/repository/org/springframework/boot/spring-boot-test-autoconfigure/2.3.7.RELEASE/spring-boot-test-autoconfigure-2.3.7.RELEASE.jar:/home/Alex.Lima/.m2/repository/com/jayway/jsonpath/json-path/2.4.0/json-path-2.4.0.jar:/home/Alex.Lima/.m2/repository/net/minidev/json-smart/2.3/json-smart-2.3.jar:/home/Alex.Lima/.m2/repository/net/minidev/accessors-smart/1.2/accessors-smart-1.2.jar:/home/Alex.Lima/.m2/repository/org/ow2/asm/asm/5.0.4/asm-5.0.4.jar:/home/Alex.Lima/.m2/repository/jakarta/xml/bind/jakarta.xml.bind-api/2.3.3/jakarta.xml.bind-api-2.3.3.jar:/home/Alex.Lima/.m2/repository/jakarta/activation/jakarta.activation-api/1.2.2/jakarta.activation-api-1.2.2.jar:/home/Alex.Lima/.m2/repository/org/assertj/assertj-core/3.16.1/assertj-core-3.16.1.jar:/home/Alex.Lima/.m2/repository/org/hamcrest/hamcrest/2.2/hamcrest-2.2.jar:/home/Alex.Lima/.m2/repository/org/junit/jupiter/junit-jupiter/5.6.3/junit-jupiter-5.6.3.jar:/home/Alex.Lima/.m2/repository/org/junit/jupiter/junit-jupiter-api/5.6.3/junit-jupiter-api-5.6.3.jar:/home/Alex.Lima/.m2/repository/org/opentest4j/opentest4j/1.2.0/opentest4j-1.2.0.jar:/home/Alex.Lima/.m2/repository/org/junit/platform/junit-platform-commons/1.6.3/junit-platform-commons-1.6.3.jar:/home/Alex.Lima/.m2/repository/org/junit/jupiter/junit-jupiter-params/5.6.3/junit-jupiter-params-5.6.3.jar:/home/Alex.Lima/.m2/repository/org/junit/jupiter/junit-jupiter-engine/5.6.3/junit-jupiter-engine-5.6.3.jar:/home/Alex.Lima/.m2/repository/org/junit/vintage/junit-vintage-engine/5.6.3/junit-vintage-engine-5.6.3.jar:/home/Alex.Lima/.m2/repository/org/apiguardian/apiguardian-api/1.1.0/apiguardian-api-1.1.0.jar:/home/Alex.Lima/.m2/repository/org/junit/platform/junit-platform-engine/1.6.3/junit-platform-engine-1.6.3.jar:/home/Alex.Lima/.m2/repository/junit/junit/4.13.1/junit-4.13.1.jar:/home/Alex.Lima/.m2/repository/org/mockito/mockito-core/3.3.3/mockito-core-3.3.3.jar:/home/Alex.Lima/.m2/repository/net/bytebuddy/byte-buddy/1.10.18/byte-buddy-1.10.18.jar:/home/Alex.Lima/.m2/repository/net/bytebuddy/byte-buddy-agent/1.10.18/byte-buddy-agent-1.10.18.jar:/home/Alex.Lima/.m2/repository/org/objenesis/objenesis/2.6/objenesis-2.6.jar:/home/Alex.Lima/.m2/repository/org/mockito/mockito-junit-jupiter/3.3.3/mockito-junit-jupiter-3.3.3.jar:/home/Alex.Lima/.m2/repository/org/skyscreamer/jsonassert/1.5.0/jsonassert-1.5.0.jar:/home/Alex.Lima/.m2/repository/com/vaadin/external/google/android-json/0.0.20131108.vaadin1/android-json-0.0.20131108.vaadin1.jar:/home/Alex.Lima/.m2/repository/org/springframework/spring-test/5.2.12.RELEASE/spring-test-5.2.12.RELEASE.jar:/home/Alex.Lima/.m2/repository/org/xmlunit/xmlunit-core/2.7.0/xmlunit-core-2.7.0.jar:/home/Alex.Lima/.m2/repository/org/springframework/boot/spring-boot-starter-data-jpa/2.3.7.RELEASE/spring-boot-starter-data-jpa-2.3.7.RELEASE.jar:/home/Alex.Lima/.m2/repository/org/springframework/boot/spring-boot-starter-aop/2.3.7.RELEASE/spring-boot-starter-aop-2.3.7.RELEASE.jar:/home/Alex.Lima/.m2/repository/org/aspectj/aspectjweaver/1.9.6/aspectjweaver-1.9.6.jar:/home/Alex.Lima/.m2/repository/org/springframework/boot/spring-boot-starter-jdbc/2.3.7.RELEASE/spring-boot-starter-jdbc-2.3.7.RELEASE.jar:/home/Alex.Lima/.m2/repository/com/zaxxer/HikariCP/3.4.5/HikariCP-3.4.5.jar:/home/Alex.Lima/.m2/repository/org/springframework/spring-jdbc/5.2.12.RELEASE/spring-jdbc-5.2.12.RELEASE.jar:/home/Alex.Lima/.m2/repository/jakarta/transaction/jakarta.transaction-api/1.3.3/jakarta.transaction-api-1.3.3.jar:/home/Alex.Lima/.m2/repository/jakarta/persistence/jakarta.persistence-api/2.2.3/jakarta.persistence-api-2.2.3.jar:/home/Alex.Lima/.m2/repository/org/hibernate/hibernate-core/5.4.25.Final/hibernate-core-5.4.25.Final.jar:/home/Alex.Lima/.m2/repository/org/jboss/logging/jboss-logging/3.4.1.Final/jboss-logging-3.4.1.Final.jar:/home/Alex.Lima/.m2/repository/org/javassist/javassist/3.27.0-GA/javassist-3.27.0-GA.jar:/home/Alex.Lima/.m2/repository/antlr/antlr/2.7.7/antlr-2.7.7.jar:/home/Alex.Lima/.m2/repository/org/jboss/jandex/2.1.3.Final/jandex-2.1.3.Final.jar:/home/Alex.Lima/.m2/repository/org/dom4j/dom4j/2.1.3/dom4j-2.1.3.jar:/home/Alex.Lima/.m2/repository/org/hibernate/common/hibernate-commons-annotations/5.1.2.Final/hibernate-commons-annotations-5.1.2.Final.jar:/home/Alex.Lima/.m2/repository/org/springframework/data/spring-data-jpa/2.3.6.RELEASE/spring-data-jpa-2.3.6.RELEASE.jar:/home/Alex.Lima/.m2/repository/org/springframework/data/spring-data-commons/2.3.6.RELEASE/spring-data-commons-2.3.6.RELEASE.jar:/home/Alex.Lima/.m2/repository/org/springframework/spring-orm/5.2.12.RELEASE/spring-orm-5.2.12.RELEASE.jar:/home/Alex.Lima/.m2/repository/org/springframework/spring-tx/5.2.12.RELEASE/spring-tx-5.2.12.RELEASE.jar:/home/Alex.Lima/.m2/repository/org/springframework/spring-beans/5.2.12.RELEASE/spring-beans-5.2.12.RELEASE.jar:/home/Alex.Lima/.m2/repository/org/springframework/spring-aspects/5.2.12.RELEASE/spring-aspects-5.2.12.RELEASE.jar:/home/Alex.Lima/.m2/repository/org/springframework/boot/spring-boot-starter-web/2.3.7.RELEASE/spring-boot-starter-web-2.3.7.RELEASE.jar:/home/Alex.Lima/.m2/repository/org/springframework/boot/spring-boot-starter-json/2.3.7.RELEASE/spring-boot-starter-json-2.3.7.RELEASE.jar:/home/Alex.Lima/.m2/repository/com/fasterxml/jackson/datatype/jackson-datatype-jdk8/2.11.3/jackson-datatype-jdk8-2.11.3.jar:/home/Alex.Lima/.m2/repository/com/fasterxml/jackson/datatype/jackson-datatype-jsr310/2.11.3/jackson-datatype-jsr310-2.11.3.jar:/home/Alex.Lima/.m2/repository/com/fasterxml/jackson/module/jackson-module-parameter-names/2.11.3/jackson-module-parameter-names-2.11.3.jar:/home/Alex.Lima/.m2/repository/org/springframework/boot/spring-boot-starter-tomcat/2.3.7.RELEASE/spring-boot-starter-tomcat-2.3.7.RELEASE.jar:/home/Alex.Lima/.m2/repository/org/apache/tomcat/embed/tomcat-embed-core/9.0.41/tomcat-embed-core-9.0.41.jar:/home/Alex.Lima/.m2/repository/org/apache/tomcat/embed/tomcat-embed-websocket/9.0.41/tomcat-embed-websocket-9.0.41.jar:/home/Alex.Lima/.m2/repository/org/springframework/spring-web/5.2.12.RELEASE/spring-web-5.2.12.RELEASE.jar:/home/Alex.Lima/.m2/repository/org/springframework/spring-webmvc/5.2.12.RELEASE/spring-webmvc-5.2.12.RELEASE.jar:/home/Alex.Lima/.m2/repository/org/springframework/spring-expression/5.2.12.RELEASE/spring-expression-5.2.12.RELEASE.jar:/home/Alex.Lima/.m2/repository/org/springframework/boot/spring-boot-starter-hateoas/2.3.7.RELEASE/spring-boot-starter-hateoas-2.3.7.RELEASE.jar:/home/Alex.Lima/.m2/repository/org/springframework/hateoas/spring-hateoas/1.1.3.RELEASE/spring-hateoas-1.1.3.RELEASE.jar:/home/Alex.Lima/.m2/repository/org/springframework/boot/spring-boot-starter-validation/2.3.7.RELEASE/spring-boot-starter-validation-2.3.7.RELEASE.jar:/home/Alex.Lima/.m2/repository/org/glassfish/jakarta.el/3.0.3/jakarta.el-3.0.3.jar:/home/Alex.Lima/.m2/repository/org/hibernate/validator/hibernate-validator/6.1.6.Final/hibernate-validator-6.1.6.Final.jar:/home/Alex.Lima/.m2/repository/jakarta/validation/jakarta.validation-api/2.0.2/jakarta.validation-api-2.0.2.jar:/home/Alex.Lima/.m2/repository/org/springframework/boot/spring-boot-starter-cache/2.3.7.RELEASE/spring-boot-starter-cache-2.3.7.RELEASE.jar:/home/Alex.Lima/.m2/repository/org/springframework/spring-context-support/5.2.12.RELEASE/spring-context-support-5.2.12.RELEASE.jar:/home/Alex.Lima/.m2/repository/org/springframework/boot/spring-boot-starter-actuator/2.3.7.RELEASE/spring-boot-starter-actuator-2.3.7.RELEASE.jar:/home/Alex.Lima/.m2/repository/org/springframework/boot/spring-boot-actuator-autoconfigure/2.3.7.RELEASE/spring-boot-actuator-autoconfigure-2.3.7.RELEASE.jar:/home/Alex.Lima/.m2/repository/org/springframework/boot/spring-boot-actuator/2.3.7.RELEASE/spring-boot-actuator-2.3.7.RELEASE.jar:/home/Alex.Lima/.m2/repository/io/micrometer/micrometer-core/1.5.9/micrometer-core-1.5.9.jar:/home/Alex.Lima/.m2/repository/org/hdrhistogram/HdrHistogram/2.1.12/HdrHistogram-2.1.12.jar:/home/Alex.Lima/.m2/repository/org/latencyutils/LatencyUtils/2.0.3/LatencyUtils-2.0.3.jar:/home/Alex.Lima/.m2/repository/org/springframework/boot/spring-boot-starter-security/2.3.7.RELEASE/spring-boot-starter-security-2.3.7.RELEASE.jar:/home/Alex.Lima/.m2/repository/org/springframework/spring-aop/5.2.12.RELEASE/spring-aop-5.2.12.RELEASE.jar:/home/Alex.Lima/.m2/repository/org/springframework/security/spring-security-config/5.3.6.RELEASE/spring-security-config-5.3.6.RELEASE.jar:/home/Alex.Lima/.m2/repository/org/springframework/security/spring-security-web/5.3.6.RELEASE/spring-security-web-5.3.6.RELEASE.jar:/home/Alex.Lima/.m2/repository/io/springfox/springfox-boot-starter/3.0.0/springfox-boot-starter-3.0.0.jar:/home/Alex.Lima/.m2/repository/io/springfox/springfox-oas/3.0.0/springfox-oas-3.0.0.jar:/home/Alex.Lima/.m2/repository/io/swagger/core/v3/swagger-annotations/2.1.2/swagger-annotations-2.1.2.jar:/home/Alex.Lima/.m2/repository/io/swagger/core/v3/swagger-models/2.1.2/swagger-models-2.1.2.jar:/home/Alex.Lima/.m2/repository/io/springfox/springfox-spi/3.0.0/springfox-spi-3.0.0.jar:/home/Alex.Lima/.m2/repository/io/springfox/springfox-schema/3.0.0/springfox-schema-3.0.0.jar:/home/Alex.Lima/.m2/repository/io/springfox/springfox-core/3.0.0/springfox-core-3.0.0.jar:/home/Alex.Lima/.m2/repository/io/springfox/springfox-spring-web/3.0.0/springfox-spring-web-3.0.0.jar:/home/Alex.Lima/.m2/repository/io/github/classgraph/classgraph/4.8.83/classgraph-4.8.83.jar:/home/Alex.Lima/.m2/repository/io/springfox/springfox-spring-webmvc/3.0.0/springfox-spring-webmvc-3.0.0.jar:/home/Alex.Lima/.m2/repository/io/springfox/springfox-spring-webflux/3.0.0/springfox-spring-webflux-3.0.0.jar:/home/Alex.Lima/.m2/repository/io/springfox/springfox-swagger-common/3.0.0/springfox-swagger-common-3.0.0.jar:/home/Alex.Lima/.m2/repository/org/mapstruct/mapstruct/1.3.1.Final/mapstruct-1.3.1.Final.jar:/home/Alex.Lima/.m2/repository/io/springfox/springfox-data-rest/3.0.0/springfox-data-rest-3.0.0.jar:/home/Alex.Lima/.m2/repository/io/springfox/springfox-bean-validators/3.0.0/springfox-bean-validators-3.0.0.jar:/home/Alex.Lima/.m2/repository/io/springfox/springfox-swagger2/3.0.0/springfox-swagger2-3.0.0.jar:/home/Alex.Lima/.m2/repository/io/swagger/swagger-annotations/1.5.20/swagger-annotations-1.5.20.jar:/home/Alex.Lima/.m2/repository/io/swagger/swagger-models/1.5.20/swagger-models-1.5.20.jar:/home/Alex.Lima/.m2/repository/io/springfox/springfox-swagger-ui/3.0.0/springfox-swagger-ui-3.0.0.jar:/home/Alex.Lima/.m2/repository/com/fasterxml/classmate/1.5.1/classmate-1.5.1.jar:/home/Alex.Lima/.m2/repository/org/slf4j/slf4j-api/1.7.30/slf4j-api-1.7.30.jar:/home/Alex.Lima/.m2/repository/org/springframework/plugin/spring-plugin-core/2.0.0.RELEASE/spring-plugin-core-2.0.0.RELEASE.jar:/home/Alex.Lima/.m2/repository/org/springframework/plugin/spring-plugin-metadata/2.0.0.RELEASE/spring-plugin-metadata-2.0.0.RELEASE.jar:/home/Alex.Lima/.m2/repository/de/codecentric/spring-boot-admin-starter-client/2.3.1/spring-boot-admin-starter-client-2.3.1.jar:/home/Alex.Lima/.m2/repository/de/codecentric/spring-boot-admin-client/2.3.1/spring-boot-admin-client-2.3.1.jar:/home/Alex.Lima/.m2/repository/org/projectlombok/lombok/1.18.16/lombok-1.18.16.jar:/home/Alex.Lima/.m2/repository/com/h2database/h2/1.4.200/h2-1.4.200.jar:/home/Alex.Lima/.m2/repository/org/postgresql/postgresql/42.2.18/postgresql-42.2.18.jar:/home/Alex.Lima/.m2/repository/org/checkerframework/checker-qual/3.5.0/checker-qual-3.5.0.jar:/home/Alex.Lima/.m2/repository/mysql/mysql-connector-java/8.0.22/mysql-connector-java-8.0.22.jar:/home/Alex.Lima/.m2/repository/org/modelmapper/modelmapper/2.3.9/modelmapper-2.3.9.jar:/home/Alex.Lima/.m2/repository/javax/cache/cache-api/1.1.1/cache-api-1.1.1.jar:/home/Alex.Lima/.m2/repository/org/ehcache/ehcache/3.8.1/ehcache-3.8.1.jar:/home/Alex.Lima/.m2/repository/org/glassfish/jaxb/jaxb-runtime/2.3.3/jaxb-runtime-2.3.3.jar:/home/Alex.Lima/.m2/repository/org/glassfish/jaxb/txw2/2.3.3/txw2-2.3.3.jar:/home/Alex.Lima/.m2/repository/com/sun/istack/istack-commons-runtime/3.0.11/istack-commons-runtime-3.0.11.jar:/home/Alex.Lima/.m2/repository/com/sun/activation/jakarta.activation/1.2.2/jakarta.activation-1.2.2.jar:/home/Alex.Lima/.m2/repository/com/github/vladimir-bukhtoyarov/bucket4j-core/4.10.0/bucket4j-core-4.10.0.jar:/home/Alex.Lima/.m2/repository/com/github/thibaultmeyer/partialize/release~20.05/partialize-release~20.05.jar:/home/Alex.Lima/.m2/repository/com/fasterxml/jackson/core/jackson-databind/2.11.3/jackson-databind-2.11.3.jar:/home/Alex.Lima/.m2/repository/com/fasterxml/jackson/core/jackson-annotations/2.11.3/jackson-annotations-2.11.3.jar:/home/Alex.Lima/.m2/repository/com/fasterxml/jackson/core/jackson-core/2.11.3/jackson-core-2.11.3.jar:/home/Alex.Lima/.m2/repository/org/apache/commons/commons-text/1.6/commons-text-1.6.jar:/home/Alex.Lima/.m2/repository/org/apache/commons/commons-lang3/3.10/commons-lang3-3.10.jar:/home/Alex.Lima/.m2/repository/io/jsonwebtoken/jjwt/0.9.1/jjwt-0.9.1.jar:/home/Alex.Lima/.m2/repository/org/springframework/security/spring-security-test/5.3.6.RELEASE/spring-security-test-5.3.6.RELEASE.jar:/home/Alex.Lima/.m2/repository/org/springframework/security/spring-security-core/5.3.6.RELEASE/spring-security-core-5.3.6.RELEASE.jar:"/>
    <property name="sun.cpu.endian" value="little"/>
    <property name="user.home" value="/home/Alex.Lima"/>
    <property name="user.language" value="pt"/>
    <property name="java.specification.vendor" value="Oracle Corporation"/>
    <property name="java.version.date" value="2020-10-20"/>
    <property name="java.home" value="/opt/sts-4.9.0.RELEASE/plugins/org.eclipse.justj.openjdk.hotspot.jre.full.linux.x86_64_15.0.1.v20201027-0507/jre"/>
    <property name="file.separator" value="/"/>
    <property name="style.color" value="always"/>
    <property name="basedir" value="/home/Alex.Lima/cadastroDeClientes/clients-java-api"/>
    <property name="java.vm.compressedOopsMode" value="Zero based"/>
    <property name="line.separator" value="&#10;"/>
    <property name="java.vm.specification.vendor" value="Oracle Corporation"/>
    <property name="java.specification.name" value="Java Platform API Specification"/>
    <property name="surefire.real.class.path" value="/home/Alex.Lima/cadastroDeClientes/clients-java-api/target/surefire/surefirebooter9053552784375070142.jar"/>
    <property name="sun.management.compiler" value="HotSpot 64-Bit Tiered Compilers"/>
    <property name="java.runtime.version" value="15.0.1+9-18"/>
    <property name="user.name" value="Alex.Lima"/>
    <property name="path.separator" value=":"/>
    <property name="os.version" value="5.8.0-41-generic"/>
    <property name="java.runtime.name" value="OpenJDK Runtime Environment"/>
    <property name="file.encoding" value="UTF-8"/>
    <property name="java.vm.name" value="OpenJDK 64-Bit Server VM"/>
    <property name="localRepository" value="/home/Alex.Lima/.m2/repository"/>
    <property name="java.vendor.url.bug" value="https://bugreport.java.com/bugreport/"/>
    <property name="java.io.tmpdir" value="/tmp"/>
    <property name="java.version" value="15.0.1"/>
    <property name="user.dir" value="/home/Alex.Lima/cadastroDeClientes/clients-java-api"/>
    <property name="os.arch" value="amd64"/>
    <property name="java.vm.specification.name" value="Java Virtual Machine Specification"/>
    <property name="java.library.path" value="/usr/java/packages/lib:/usr/lib64:/lib64:/lib:/usr/lib"/>
    <property name="java.vm.info" value="mixed mode"/>
    <property name="java.vendor" value="Oracle Corporation"/>
    <property name="java.vm.version" value="15.0.1+9-18"/>
    <property name="sun.io.unicode.encoding" value="UnicodeLittle"/>
    <property name="java.class.version" value="59.0"/>
  </properties>
  <testcase name="testSave" classname="com.keeggo.clientsjavaapi.test.controller.user.UserControllerTest" time="0.199"/>
</testsuite>